#
# There is insufficient memory for the Java Runtime Environment to continue.
# Native memory allocation (mmap) failed to map 268435456 bytes for G1 virtual space
# Possible reasons:
#   The system is out of physical RAM or swap space
#   The process is running with CompressedOops enabled, and the Java Heap may be blocking the growth of the native heap
# Possible solutions:
#   Reduce memory load on the system
#   Increase physical memory or swap space
#   Check if swap backing store is full
#   Decrease Java heap size (-Xmx/-Xms)
#   Decrease number of Java threads
#   Decrease Java thread stack sizes (-Xss)
#   Set larger code cache with -XX:ReservedCodeCacheSize=
#   JVM is running with Zero Based Compressed Oops mode in which the Java heap is
#     placed in the first 32GB address space. The Java Heap base address is the
#     maximum limit for the native heap growth. Please use -XX:HeapBaseMinAddress
#     to set the Java Heap base and to place the Java Heap above 32GB virtual address.
# This output file may be truncated or incomplete.
#
#  Out of Memory Error (os_windows.cpp:3466), pid=8228, tid=13672
#
# JRE version:  (16.0.1+9) (build )
# Java VM: OpenJDK 64-Bit Server VM (16.0.1+9-24, mixed mode, sharing, tiered, compressed oops, compressed class ptrs, g1 gc, windows-amd64)
# No core dump will be written. Minidumps are not enabled by default on client versions of Windows
#

---------------  S U M M A R Y ------------

Command Line: -XX:TieredStopAtLevel=1 -Xverify:none -Dspring.output.ansi.enabled=always -javaagent:C:\Program Files\JetBrains\IntelliJ IDEA 2020.3.2\lib\idea_rt.jar=65062:C:\Program Files\JetBrains\IntelliJ IDEA 2020.3.2\bin -Dcom.sun.management.jmxremote -Dspring.jmx.enabled=true -Dspring.liveBeansView.mbeanDomain -Dspring.application.admin.enabled=true -Dfile.encoding=UTF-8 com.store.shop.ShopApplication

Host: Intel(R) Core(TM) i5-7500 CPU @ 3.40GHz, 4 cores, 15G,  Windows 10 , 64 bit Build 19041 (10.0.19041.546)
Time: Tue May  4 23:46:40 2021 RTZ 2 (s 10 , 64 bit Build 19041 (10.0.19041.546) elapsed time: 0.027092 seconds (0d 0h 0m 0s)

---------------  T H R E A D  ---------------

Current thread (0x00000192defd7130):  JavaThread "Unknown thread" [_thread_in_vm, id=13672, stack(0x0000006f5d600000,0x0000006f5d700000)]

Stack: [0x0000006f5d600000,0x0000006f5d700000]
Native frames: (J=compiled Java code, j=interpreted, Vv=VM code, C=native code)
V  [jvm.dll+0x6687ca]
V  [jvm.dll+0x7ca3c9]
V  [jvm.dll+0x7cbb53]
V  [jvm.dll+0x7cc1b3]
V  [jvm.dll+0x242ea5]
V  [jvm.dll+0x665589]
V  [jvm.dll+0x65a175]
V  [jvm.dll+0x2fc5ab]
V  [jvm.dll+0x3037a6]
V  [jvm.dll+0x352fee]
V  [jvm.dll+0x35321f]
V  [jvm.dll+0x2d3618]
V  [jvm.dll+0x2d4854]
V  [jvm.dll+0x79ccb1]
V  [jvm.dll+0x360de1]
V  [jvm.dll+0x77a990]
V  [jvm.dll+0x3e55af]
V  [jvm.dll+0x3e7081]
C  [jli.dll+0x52fb]
C  [ucrtbase.dll+0x214c2]
C  [KERNEL32.DLL+0x17034]
C  [ntdll.dll+0x4cec1]


---------------  P R O C E S S  ---------------

Threads class SMR info:
_java_thread_list=0x00007ffd43e9cbb8, length=0, elements={
}

Java Threads: ( => current thread )

Other Threads:
  0x00000192df026a40 GCTaskThread "GC Thread#0" [stack: 0x0000006f5d700000,0x0000006f5d800000] [id=7656]
  0x00000192df0389a0 ConcurrentGCThread "G1 Main Marker" [stack: 0x0000006f5d800000,0x0000006f5d900000] [id=7192]
  0x00000192df039410 ConcurrentGCThread "G1 Conc#0" [stack: 0x0000006f5d900000,0x0000006f5da00000] [id=192]

[error occurred during error reporting (printing all threads), id 0xc0000005, EXCEPTION_ACCESS_VIOLATION (0xc0000005) at pc=0x00007ffd436744d7]

VM state: not at safepoint (not fully initialized)

VM Mutex/Monitor currently owned by a thread:  ([mutex/lock_event])
[0x00000192defd3b20] Heap_lock - owner thread: 0x00000192defd7130

Heap address: 0x0000000700e00000, size: 4082 MB, Compressed Oops mode: Zero based, Oop shift amount: 3

CDS archive(s) mapped at: [0x0000000000000000-0x0000000000000000-0x0000000000000000), size 0, SharedBaseAddress: 0x0000000800000000, ArchiveRelocationMode: 0.
Narrow klass base: 0x0000000000000000, Narrow klass shift: 0, Narrow klass range: 0x0

GC Precious Log:
<Empty>

Heap:
 garbage-first heap   total 0K, used 0K [0x0000000700e00000, 0x0000000800000000)
  region size 2048K, 0 young (0K), 0 survivors (0K)

[error occurred during error reporting (printing heap information), id 0xc0000005, EXCEPTION_ACCESS_VIOLATION (0xc0000005) at pc=0x00007ffd43a524ed]

GC Heap History (0 events):
No events

Deoptimization events (0 events):
No events

Classes unloaded (0 events):
No events

Classes redefined (0 events):
No events

Internal exceptions (0 events):
No events

Events (1 events):
Event: 0.015 Loaded shared library C:\Users\Enigm\.jdks\openjdk-16.0.1\bin\java.dll


Dynamic libraries:
0x00007ff7ec410000 - 0x00007ff7ec41e000 	C:\Users\Enigm\.jdks\openjdk-16.0.1\bin\java.exe
0x00007ffda1610000 - 0x00007ffda1806000 	C:\Windows\SYSTEM32\ntdll.dll
0x00007ffda0cd0000 - 0x00007ffda0d8d000 	C:\Windows\System32\KERNEL32.DLL
0x00007ffd9f1c0000 - 0x00007ffd9f488000 	C:\Windows\System32\KERNELBASE.dll
0x00007ffd9f4c0000 - 0x00007ffd9f5c0000 	C:\Windows\System32\ucrtbase.dll
0x00007ffd9aa20000 - 0x00007ffd9aa38000 	C:\Users\Enigm\.jdks\openjdk-16.0.1\bin\jli.dll
0x00007ffd9fe80000 - 0x00007ffda0020000 	C:\Windows\System32\USER32.dll
0x00007ffd9f490000 - 0x00007ffd9f4b2000 	C:\Windows\System32\win32u.dll
0x00007ffda15a0000 - 0x00007ffda15ca000 	C:\Windows\System32\GDI32.dll
0x00007ffd9ed50000 - 0x00007ffd9ee59000 	C:\Windows\System32\gdi32full.dll
0x00007ffd9ee60000 - 0x00007ffd9eefd000 	C:\Windows\System32\msvcp_win.dll
0x00007ffd9aa00000 - 0x00007ffd9aa19000 	C:\Users\Enigm\.jdks\openjdk-16.0.1\bin\VCRUNTIME140.dll
0x00007ffd8b9f0000 - 0x00007ffd8bc8b000 	C:\Windows\WinSxS\amd64_microsoft.windows.common-controls_6595b64144ccf1df_6.0.19041.488_none_ca04af081b815d21\COMCTL32.dll
0x00007ffda1000000 - 0x00007ffda109e000 	C:\Windows\System32\msvcrt.dll
0x00007ffda0020000 - 0x00007ffda0050000 	C:\Windows\System32\IMM32.DLL
0x00007ffd9aa90000 - 0x00007ffd9aa9c000 	C:\Users\Enigm\.jdks\openjdk-16.0.1\bin\vcruntime140_1.dll
0x00007ffd85fd0000 - 0x00007ffd86061000 	C:\Users\Enigm\.jdks\openjdk-16.0.1\bin\msvcp140.dll
0x00007ffd43390000 - 0x00007ffd43f3b000 	C:\Users\Enigm\.jdks\openjdk-16.0.1\bin\server\jvm.dll
0x00007ffda11e0000 - 0x00007ffda128c000 	C:\Windows\System32\ADVAPI32.dll
0x00007ffda0b00000 - 0x00007ffda0b9b000 	C:\Windows\System32\sechost.dll
0x00007ffda10a0000 - 0x00007ffda11c4000 	C:\Windows\System32\RPCRT4.dll
0x00007ffda0d90000 - 0x00007ffda0d98000 	C:\Windows\System32\PSAPI.DLL
0x00007ffd95320000 - 0x00007ffd95329000 	C:\Windows\SYSTEM32\WSOCK32.dll
0x00007ffda0e10000 - 0x00007ffda0e7b000 	C:\Windows\System32\WS2_32.dll
0x00007ffd94ec0000 - 0x00007ffd94ee7000 	C:\Windows\SYSTEM32\WINMM.dll
0x00007ffd99b30000 - 0x00007ffd99b3a000 	C:\Windows\SYSTEM32\VERSION.dll
0x00007ffd9ccc0000 - 0x00007ffd9ccd2000 	C:\Windows\SYSTEM32\kernel.appcore.dll
0x00007ffd9a9f0000 - 0x00007ffd9a9fa000 	C:\Users\Enigm\.jdks\openjdk-16.0.1\bin\jimage.dll
0x00007ffd99040000 - 0x00007ffd99224000 	C:\Windows\SYSTEM32\DBGHELP.DLL
0x00007ffd95430000 - 0x00007ffd9545c000 	C:\Windows\SYSTEM32\dbgcore.DLL
0x00007ffd9f140000 - 0x00007ffd9f1bf000 	C:\Windows\System32\bcryptPrimitives.dll
0x00007ffd95770000 - 0x00007ffd9577e000 	C:\Users\Enigm\.jdks\openjdk-16.0.1\bin\instrument.dll
0x00007ffd955f0000 - 0x00007ffd95615000 	C:\Users\Enigm\.jdks\openjdk-16.0.1\bin\java.dll

dbghelp: loaded successfully - version: 4.0.5 - missing functions: none
symbol engine: initialized successfully - sym options: 0x614 - pdb path: .;C:\Users\Enigm\.jdks\openjdk-16.0.1\bin;C:\Windows\SYSTEM32;C:\Windows\WinSxS\amd64_microsoft.windows.common-controls_6595b64144ccf1df_6.0.19041.488_none_ca04af081b815d21;C:\Users\Enigm\.jdks\openjdk-16.0.1\bin\server

VM Arguments:
jvm_args: -XX:TieredStopAtLevel=1 -Xverify:none -Dspring.output.ansi.enabled=always -javaagent:C:\Program Files\JetBrains\IntelliJ IDEA 2020.3.2\lib\idea_rt.jar=65062:C:\Program Files\JetBrains\IntelliJ IDEA 2020.3.2\bin -Dcom.sun.management.jmxremote -Dspring.jmx.enabled=true -Dspring.liveBeansView.mbeanDomain -Dspring.application.admin.enabled=true -Dfile.encoding=UTF-8 
java_command: com.store.shop.ShopApplication
java_class_path (initial): C:\Users\Enigm\IdeaProjects\shop\target\classes;C:\Users\Enigm\.m2\repository\org\springframework\boot\spring-boot-starter-data-jpa\2.4.6-SNAPSHOT\spring-boot-starter-data-jpa-2.4.6-20210504.104451-40.jar;C:\Users\Enigm\.m2\repository\org\springframework\boot\spring-boot-starter-aop\2.4.6-SNAPSHOT\spring-boot-starter-aop-2.4.6-20210504.104451-40.jar;C:\Users\Enigm\.m2\repository\org\springframework\spring-aop\5.3.6\spring-aop-5.3.6.jar;C:\Users\Enigm\.m2\repository\org\aspectj\aspectjweaver\1.9.6\aspectjweaver-1.9.6.jar;C:\Users\Enigm\.m2\repository\org\springframework\boot\spring-boot-starter-jdbc\2.4.6-SNAPSHOT\spring-boot-starter-jdbc-2.4.6-20210504.104451-40.jar;C:\Users\Enigm\.m2\repository\com\zaxxer\HikariCP\3.4.5\HikariCP-3.4.5.jar;C:\Users\Enigm\.m2\repository\org\springframework\spring-jdbc\5.3.6\spring-jdbc-5.3.6.jar;C:\Users\Enigm\.m2\repository\jakarta\transaction\jakarta.transaction-api\1.3.3\jakarta.transaction-api-1.3.3.jar;C:\Users\Enigm\.m2\repository\jakarta\persistence\jakarta.persistence-api\2.2.3\jakarta.persistence-api-2.2.3.jar;C:\Users\Enigm\.m2\repository\org\hibernate\hibernate-core\5.4.30.Final\hibernate-core-5.4.30.Final.jar;C:\Users\Enigm\.m2\repository\org\jboss\logging\jboss-logging\3.4.1.Final\jboss-logging-3.4.1.Final.jar;C:\Users\Enigm\.m2\repository\org\javassist\javassist\3.27.0-GA\javassist-3.27.0-GA.jar;C:\Users\Enigm\.m2\repository\net\bytebuddy\byte-buddy\1.10.22\byte-buddy-1.10.22.jar;C:\Users\Enigm\.m2\repository\antlr\antlr\2.7.7\antlr-2.7.7.jar;C:\Users\Enigm\.m2\repository\org\jboss\jandex\2.2.3.Final\jandex-2.2.3.Final.jar;C:\Users\Enigm\.m2\repository\com\fasterxml\classmate\1.5.1\classmate-1.5.1.jar;C:\Users\Enigm\.m2\repository\org\dom4j\dom4j\2.1.3\dom4j-2.1.3.jar;C:\Users\Enigm\.m2\repository\org\hibernate\common\hibernate-commons-annotations\5.1.2.Final\hibernate-commons-annotations-5.1.2.Final.jar;C:\Users\Enigm\.m2\repository\org\glassfish\jaxb\jaxb-runtime\2.3.4\jaxb-runtime-2.3.4.j
Launcher Type: SUN_STANDARD

[Global flags]
     intx CICompilerCount                          = 3                                         {product} {ergonomic}
     uint ConcGCThreads                            = 1                                         {product} {ergonomic}
     uint G1ConcRefinementThreads                  = 4                                         {product} {ergonomic}
   size_t G1HeapRegionSize                         = 2097152                                   {product} {ergonomic}
    uintx GCDrainStackTargetSize                   = 64                                        {product} {ergonomic}
   size_t InitialHeapSize                          = 268435456                                 {product} {ergonomic}
     bool ManagementServer                         = true                                      {product} {command line}
   size_t MarkStackSize                            = 4194304                                   {product} {ergonomic}
   size_t MaxHeapSize                              = 4280287232                                {product} {ergonomic}
   size_t MinHeapDeltaBytes                        = 2097152                                   {product} {ergonomic}
   size_t MinHeapSize                              = 8388608                                   {product} {ergonomic}
    uintx NonNMethodCodeHeapSize                   = 6973028                                {pd product} {ergonomic}
    uintx NonProfiledCodeHeapSize                  = 244685212                              {pd product} {ergonomic}
    uintx ProfiledCodeHeapSize                     = 0                                      {pd product} {ergonomic}
    uintx ReservedCodeCacheSize                    = 251658240                              {pd product} {ergonomic}
     bool SegmentedCodeCache                       = true                                      {product} {ergonomic}
   size_t SoftMaxHeapSize                          = 4280287232                             {manageable} {ergonomic}
     intx TieredStopAtLevel                        = 1                                         {product} {command line}
     bool UseCompressedClassPointers               = true                           {product lp64_product} {ergonomic}
     bool UseCompressedOops                        = true                           {product lp64_product} {ergonomic}
     bool UseG1GC                                  = true                                      {product} {ergonomic}
     bool UseLargePagesIndividualAllocation        = false                                  {pd product} {ergonomic}

Logging:
Log output configuration:
 #0: stdout all=warning uptime,level,tags
 #1: stderr all=off uptime,level,tags

Environment Variables:
PATH=C:\Program Files (x86)\Common Files\Oracle\Java\javapath;C:\Program Files (x86)\Razer Chroma SDK\bin;C:\Program Files\Razer Chroma SDK\bin;C:\Program Files (x86)\Razer\ChromaBroadcast\bin;C:\Program Files\Razer\ChromaBroadcast\bin;C:\Windows\system32;C:\Windows;C:\Windows\System32\Wbem;C:\Windows\System32\WindowsPowerShell\v1.0\;C:\Windows\System32\OpenSSH\;C:\Program Files\dotnet\;C:\Program Files\Microsoft SQL Server\130\Tools\Binn\;C:\Program Files\Microsoft SQL Server\Client SDK\ODBC\170\Tools\Binn\;C:\Windows\system32\config\systemprofile\AppData\Local\Microsoft\WindowsApps;C:\Users\Enigm\IdeaProjects\apache-maven-3.6.3\bin;C:\Program Files\Git\cmd;C:\Users\Enigm\AppData\Local\Programs\Python\Python39\Scripts\;C:\Users\Enigm\AppData\Local\Programs\Python\Python39\;C:\Program Files\MySQL\MySQL Shell 8.0\bin\;C:\Users\Enigm\AppData\Local\Microsoft\WindowsApps;;D:\Microsoft VS Code\bin;C:\Users\Enigm\.dotnet\tools;C:\Program Files\JetBrains\PyCharm 2020.3.3\bin;;C:\Program Files\JetBrains\IntelliJ IDEA 2020.3.2\bin;;C:\Program Files\heroku\bin
USERNAME=Enigm
OS=Windows_NT
PROCESSOR_IDENTIFIER=Intel64 Family 6 Model 158 Stepping 9, GenuineIntel



---------------  S Y S T E M  ---------------

OS:
 Windows 10 , 64 bit Build 19041 (10.0.19041.546)
OS uptime: 0 days 4:45 hours

CPU: total 4 (initial active 4) (4 cores per cpu, 1 threads per core) family 6 model 158 stepping 9 microcode 0xde, cx8, cmov, fxsr, mmx, 3dnowpref, sse, sse2, sse3, ssse3, sse4.1, sse4.2, popcnt, lzcnt, tsc, tscinvbit, avx, avx2, aes, erms, clmul, bmi1, bmi2, rtm, adx, fma, vzeroupper, clflush, clflushopt

Memory: 4k page, system-wide physical 16322M (5598M free)
TotalPageFile size 16322M (AvailPageFile size 197M)
current process WorkingSet (physical memory assigned to process): 10M, peak: 10M
current process commit charge ("private bytes"): 49M, peak: 305M

vm_info: OpenJDK 64-Bit Server VM (16.0.1+9-24) for windows-amd64 JRE (16.0.1+9-24), built on Mar 26 2021 19:30:07 by "mach5one" with MS VC++ 16.7 (VS2019)

END.
