#
# There is insufficient memory for the Java Runtime Environment to continue.
# Native memory allocation (mmap) failed to map 65536 bytes for Failed to commit metaspace.
# Possible reasons:
#   The system is out of physical RAM or swap space
#   The process is running with CompressedOops enabled, and the Java Heap may be blocking the growth of the native heap
# Possible solutions:
#   Reduce memory load on the system
#   Increase physical memory or swap space
#   Check if swap backing store is full
#   Decrease Java heap size (-Xmx/-Xms)
#   Decrease number of Java threads
#   Decrease Java thread stack sizes (-Xss)
#   Set larger code cache with -XX:ReservedCodeCacheSize=
#   JVM is running with Zero Based Compressed Oops mode in which the Java heap is
#     placed in the first 32GB address space. The Java Heap base address is the
#     maximum limit for the native heap growth. Please use -XX:HeapBaseMinAddress
#     to set the Java Heap base and to place the Java Heap above 32GB virtual address.
# This output file may be truncated or incomplete.
#
#  Out of Memory Error (virtualSpaceNode.cpp:108), pid=5980, tid=12016
#
# JRE version: OpenJDK Runtime Environment (16.0.1+9) (build 16.0.1+9-24)
# Java VM: OpenJDK 64-Bit Server VM (16.0.1+9-24, mixed mode, sharing, tiered, compressed oops, compressed class ptrs, g1 gc, windows-amd64)
# No core dump will be written. Minidumps are not enabled by default on client versions of Windows
#

---------------  S U M M A R Y ------------

Command Line: -XX:TieredStopAtLevel=1 -Xverify:none -Dspring.output.ansi.enabled=always -javaagent:C:\Program Files\JetBrains\IntelliJ IDEA 2020.3.2\lib\idea_rt.jar=65007:C:\Program Files\JetBrains\IntelliJ IDEA 2020.3.2\bin -Dcom.sun.management.jmxremote -Dspring.jmx.enabled=true -Dspring.liveBeansView.mbeanDomain -Dspring.application.admin.enabled=true -Dfile.encoding=UTF-8 com.store.shop.ShopApplication

Host: Intel(R) Core(TM) i5-7500 CPU @ 3.40GHz, 4 cores, 15G,  Windows 10 , 64 bit Build 19041 (10.0.19041.546)
Time: Tue May  4 23:45:58 2021 RTZ 2 (s 10 , 64 bit Build 19041 (10.0.19041.546) elapsed time: 0.491100 seconds (0d 0h 0m 0s)

---------------  T H R E A D  ---------------

Current thread (0x00000253e4338040):  JavaThread "main" [_thread_in_vm, id=12016, stack(0x000000d1cfa00000,0x000000d1cfb00000)]

Stack: [0x000000d1cfa00000,0x000000d1cfb00000]
Native frames: (J=compiled Java code, j=interpreted, Vv=VM code, C=native code)
V  [jvm.dll+0x6687ca]
V  [jvm.dll+0x7ca3c9]
V  [jvm.dll+0x7cbb53]
V  [jvm.dll+0x7cc1b3]
V  [jvm.dll+0x242ea5]
V  [jvm.dll+0x7c6a4b]
V  [jvm.dll+0x60e436]
V  [jvm.dll+0x1be93e]
V  [jvm.dll+0x610b91]
V  [jvm.dll+0x60ed31]
V  [jvm.dll+0x362f4a]
V  [jvm.dll+0x1e113f]
V  [jvm.dll+0x536752]
V  [jvm.dll+0x743011]
V  [jvm.dll+0x40775f]
V  [jvm.dll+0x40da82]
C  [java.dll+0x17c8]

Java frames: (J=compiled Java code, j=interpreted, Vv=VM code)
j  java.lang.ClassLoader.defineClass1(Ljava/lang/ClassLoader;Ljava/lang/String;[BIILjava/security/ProtectionDomain;Ljava/lang/String;)Ljava/lang/Class;+0 java.base@16.0.1
j  java.lang.ClassLoader.defineClass(Ljava/lang/String;[BIILjava/security/ProtectionDomain;)Ljava/lang/Class;+27 java.base@16.0.1
j  java.security.SecureClassLoader.defineClass(Ljava/lang/String;[BIILjava/security/CodeSource;)Ljava/lang/Class;+12 java.base@16.0.1
j  jdk.internal.loader.BuiltinClassLoader.defineClass(Ljava/lang/String;Ljdk/internal/loader/Resource;)Ljava/lang/Class;+117 java.base@16.0.1
j  jdk.internal.loader.BuiltinClassLoader.findClassOnClassPathOrNull(Ljava/lang/String;)Ljava/lang/Class;+37 java.base@16.0.1
j  jdk.internal.loader.BuiltinClassLoader.loadClassOrNull(Ljava/lang/String;Z)Ljava/lang/Class;+111 java.base@16.0.1
j  jdk.internal.loader.BuiltinClassLoader.loadClass(Ljava/lang/String;Z)Ljava/lang/Class;+3 java.base@16.0.1
j  jdk.internal.loader.ClassLoaders$AppClassLoader.loadClass(Ljava/lang/String;Z)Ljava/lang/Class;+36 java.base@16.0.1
j  java.lang.ClassLoader.loadClass(Ljava/lang/String;)Ljava/lang/Class;+3 java.base@16.0.1
v  ~StubRoutines::call_stub
j  java.lang.ClassLoader.defineClass1(Ljava/lang/ClassLoader;Ljava/lang/String;[BIILjava/security/ProtectionDomain;Ljava/lang/String;)Ljava/lang/Class;+0 java.base@16.0.1
j  java.lang.ClassLoader.defineClass(Ljava/lang/String;[BIILjava/security/ProtectionDomain;)Ljava/lang/Class;+27 java.base@16.0.1
j  java.security.SecureClassLoader.defineClass(Ljava/lang/String;[BIILjava/security/CodeSource;)Ljava/lang/Class;+12 java.base@16.0.1
j  jdk.internal.loader.BuiltinClassLoader.defineClass(Ljava/lang/String;Ljdk/internal/loader/Resource;)Ljava/lang/Class;+117 java.base@16.0.1
j  jdk.internal.loader.BuiltinClassLoader.findClassOnClassPathOrNull(Ljava/lang/String;)Ljava/lang/Class;+37 java.base@16.0.1
j  jdk.internal.loader.BuiltinClassLoader.loadClassOrNull(Ljava/lang/String;Z)Ljava/lang/Class;+111 java.base@16.0.1
j  jdk.internal.loader.BuiltinClassLoader.loadClass(Ljava/lang/String;Z)Ljava/lang/Class;+3 java.base@16.0.1
j  jdk.internal.loader.ClassLoaders$AppClassLoader.loadClass(Ljava/lang/String;Z)Ljava/lang/Class;+36 java.base@16.0.1
j  java.lang.ClassLoader.loadClass(Ljava/lang/String;)Ljava/lang/Class;+3 java.base@16.0.1
v  ~StubRoutines::call_stub
j  java.lang.ClassLoader.defineClass1(Ljava/lang/ClassLoader;Ljava/lang/String;[BIILjava/security/ProtectionDomain;Ljava/lang/String;)Ljava/lang/Class;+0 java.base@16.0.1
j  java.lang.ClassLoader.defineClass(Ljava/lang/String;[BIILjava/security/ProtectionDomain;)Ljava/lang/Class;+27 java.base@16.0.1
j  java.security.SecureClassLoader.defineClass(Ljava/lang/String;[BIILjava/security/CodeSource;)Ljava/lang/Class;+12 java.base@16.0.1
j  jdk.internal.loader.BuiltinClassLoader.defineClass(Ljava/lang/String;Ljdk/internal/loader/Resource;)Ljava/lang/Class;+117 java.base@16.0.1
j  jdk.internal.loader.BuiltinClassLoader.findClassOnClassPathOrNull(Ljava/lang/String;)Ljava/lang/Class;+37 java.base@16.0.1
j  jdk.internal.loader.BuiltinClassLoader.loadClassOrNull(Ljava/lang/String;Z)Ljava/lang/Class;+111 java.base@16.0.1
j  jdk.internal.loader.BuiltinClassLoader.loadClass(Ljava/lang/String;Z)Ljava/lang/Class;+3 java.base@16.0.1
j  jdk.internal.loader.ClassLoaders$AppClassLoader.loadClass(Ljava/lang/String;Z)Ljava/lang/Class;+36 java.base@16.0.1
j  java.lang.ClassLoader.loadClass(Ljava/lang/String;)Ljava/lang/Class;+3 java.base@16.0.1
v  ~StubRoutines::call_stub
j  java.lang.ClassLoader.defineClass1(Ljava/lang/ClassLoader;Ljava/lang/String;[BIILjava/security/ProtectionDomain;Ljava/lang/String;)Ljava/lang/Class;+0 java.base@16.0.1
j  java.lang.ClassLoader.defineClass(Ljava/lang/String;[BIILjava/security/ProtectionDomain;)Ljava/lang/Class;+27 java.base@16.0.1
j  java.security.SecureClassLoader.defineClass(Ljava/lang/String;[BIILjava/security/CodeSource;)Ljava/lang/Class;+12 java.base@16.0.1
j  jdk.internal.loader.BuiltinClassLoader.defineClass(Ljava/lang/String;Ljdk/internal/loader/Resource;)Ljava/lang/Class;+117 java.base@16.0.1
j  jdk.internal.loader.BuiltinClassLoader.findClassOnClassPathOrNull(Ljava/lang/String;)Ljava/lang/Class;+37 java.base@16.0.1
j  jdk.internal.loader.BuiltinClassLoader.loadClassOrNull(Ljava/lang/String;Z)Ljava/lang/Class;+111 java.base@16.0.1
j  jdk.internal.loader.BuiltinClassLoader.loadClass(Ljava/lang/String;Z)Ljava/lang/Class;+3 java.base@16.0.1
j  jdk.internal.loader.ClassLoaders$AppClassLoader.loadClass(Ljava/lang/String;Z)Ljava/lang/Class;+36 java.base@16.0.1
j  java.lang.ClassLoader.loadClass(Ljava/lang/String;)Ljava/lang/Class;+3 java.base@16.0.1
v  ~StubRoutines::call_stub
j  org.springframework.boot.ApplicationContextFactory.<clinit>()V+0
v  ~StubRoutines::call_stub
j  org.springframework.boot.SpringApplication.<init>(Lorg/springframework/core/io/ResourceLoader;[Ljava/lang/Class;)V+65
j  org.springframework.boot.SpringApplication.<init>([Ljava/lang/Class;)V+3
j  org.springframework.boot.SpringApplication.run([Ljava/lang/Class;[Ljava/lang/String;)Lorg/springframework/context/ConfigurableApplicationContext;+5
j  org.springframework.boot.SpringApplication.run(Ljava/lang/Class;[Ljava/lang/String;)Lorg/springframework/context/ConfigurableApplicationContext;+9
j  com.store.shop.ShopApplication.main([Ljava/lang/String;)V+3
v  ~StubRoutines::call_stub

---------------  P R O C E S S  ---------------

Threads class SMR info:
_java_thread_list=0x00000253ff65e0d0, length=13, elements={
0x00000253e4338040, 0x00000253fe770880, 0x00000253fe771650, 0x00000253fe78b3e0,
0x00000253fe78ef70, 0x00000253fe78f880, 0x00000253fe790190, 0x00000253fe790b50,
0x00000253fe7924b0, 0x00000253fe751010, 0x00000253ff50e960, 0x00000253ff50be30,
0x00000253ff6b6d20
}

Java Threads: ( => current thread )
=>0x00000253e4338040 JavaThread "main" [_thread_in_vm, id=12016, stack(0x000000d1cfa00000,0x000000d1cfb00000)]
  0x00000253fe770880 JavaThread "Reference Handler" daemon [_thread_blocked, id=8616, stack(0x000000d1d0100000,0x000000d1d0200000)]
  0x00000253fe771650 JavaThread "Finalizer" daemon [_thread_blocked, id=4652, stack(0x000000d1d0200000,0x000000d1d0300000)]
  0x00000253fe78b3e0 JavaThread "Signal Dispatcher" daemon [_thread_blocked, id=10952, stack(0x000000d1d0300000,0x000000d1d0400000)]
  0x00000253fe78ef70 JavaThread "Attach Listener" daemon [_thread_blocked, id=8368, stack(0x000000d1d0400000,0x000000d1d0500000)]
  0x00000253fe78f880 JavaThread "Service Thread" daemon [_thread_blocked, id=4424, stack(0x000000d1d0500000,0x000000d1d0600000)]
  0x00000253fe790190 JavaThread "Monitor Deflation Thread" daemon [_thread_blocked, id=13412, stack(0x000000d1d0600000,0x000000d1d0700000)]
  0x00000253fe790b50 JavaThread "C1 CompilerThread0" daemon [_thread_blocked, id=10684, stack(0x000000d1d0700000,0x000000d1d0800000)]
  0x00000253fe7924b0 JavaThread "Sweeper thread" daemon [_thread_blocked, id=11672, stack(0x000000d1d0800000,0x000000d1d0900000)]
  0x00000253fe751010 JavaThread "Common-Cleaner" daemon [_thread_blocked, id=2720, stack(0x000000d1d0900000,0x000000d1d0a00000)]
  0x00000253ff50e960 JavaThread "Monitor Ctrl-Break" daemon [_thread_in_native, id=10008, stack(0x000000d1d0a00000,0x000000d1d0b00000)]
  0x00000253ff50be30 JavaThread "Notification Thread" daemon [_thread_blocked, id=9192, stack(0x000000d1d0b00000,0x000000d1d0c00000)]
  0x00000253ff6b6d20 JavaThread "RMI TCP Accept-0" daemon [_thread_in_native, id=12144, stack(0x000000d1d0c00000,0x000000d1d0d00000)]

Other Threads:
  0x00000253fe76b710 VMThread "VM Thread" [stack: 0x000000d1d0000000,0x000000d1d0100000] [id=13028]
  0x00000253ff6ba560 WatcherThread [stack: 0x000000d1d0d00000,0x000000d1d0e00000] [id=7556]
  0x00000253e4388d30 GCTaskThread "GC Thread#0" [stack: 0x000000d1cfb00000,0x000000d1cfc00000] [id=12648]
  0x00000253ff70a0a0 GCTaskThread "GC Thread#1" [stack: 0x000000d1d0e00000,0x000000d1d0f00000] [id=9536]
  0x00000253ff709900 GCTaskThread "GC Thread#2" [stack: 0x000000d1d0f00000,0x000000d1d1000000] [id=9744]
  0x00000253ff73b030 GCTaskThread "GC Thread#3" [stack: 0x000000d1d1000000,0x000000d1d1100000] [id=6804]
  0x00000253e439aba0 ConcurrentGCThread "G1 Main Marker" [stack: 0x000000d1cfc00000,0x000000d1cfd00000] [id=1052]
  0x00000253e439c530 ConcurrentGCThread "G1 Conc#0" [stack: 0x000000d1cfd00000,0x000000d1cfe00000] [id=11080]
  0x00000253e43fe7a0 ConcurrentGCThread "G1 Refine#0" [stack: 0x000000d1cfe00000,0x000000d1cff00000] [id=5628]
  0x00000253ff758bb0 ConcurrentGCThread "G1 Refine#1" [stack: 0x000000d1d1100000,0x000000d1d1200000] [id=11780]
  0x00000253e43ff130 ConcurrentGCThread "G1 Service" [stack: 0x000000d1cff00000,0x000000d1d0000000] [id=6516]

Threads with active compile tasks:

VM state: not at safepoint (normal execution)

VM Mutex/Monitor currently owned by a thread:  ([mutex/lock_event])
[0x00000253e4333710] MetaspaceExpand_lock - owner thread: 0x00000253e4338040

Heap address: 0x0000000700e00000, size: 4082 MB, Compressed Oops mode: Zero based, Oop shift amount: 3

CDS archive(s) mapped at: [0x0000000800000000-0x0000000800bb0000-0x0000000800bb0000), size 12255232, SharedBaseAddress: 0x0000000800000000, ArchiveRelocationMode: 0.
Compressed class space mapped at: 0x0000000800c00000-0x0000000840c00000, reserved size: 1073741824
Narrow klass base: 0x0000000800000000, Narrow klass shift: 3, Narrow klass range: 0x100000000

GC Precious Log:
 CPUs: 4 total, 4 available
 Memory: 16322M
 Large Page Support: Disabled
 NUMA Support: Disabled
 Compressed Oops: Enabled (Zero based)
 Heap Region Size: 2M
 Heap Min Capacity: 8M
 Heap Initial Capacity: 256M
 Heap Max Capacity: 4082M
 Pre-touch: Disabled
 Parallel Workers: 4
 Concurrent Workers: 1
 Concurrent Refinement Workers: 4
 Periodic GC: Disabled

Heap:
 garbage-first heap   total 262144K, used 5437K [0x0000000700e00000, 0x0000000800000000)
  region size 2048K, 2 young (4096K), 1 survivors (2048K)
 Metaspace       used 5176K, committed 5312K, reserved 1056768K
  class space    used 598K, committed 640K, reserved 1048576K

Heap Regions: E=young(eden), S=young(survivor), O=old, HS=humongous(starts), HC=humongous(continues), CS=collection set, F=free, OA=open archive, CA=closed archive, TAMS=top-at-mark-start (previous, next)
|   0|0x0000000700e00000, 0x0000000701000000, 0x0000000701000000|100%| O|  |TAMS 0x0000000700e00000, 0x0000000700e00000| Untracked 
|   1|0x0000000701000000, 0x000000070114f600, 0x0000000701200000| 65%| O|  |TAMS 0x0000000701000000, 0x0000000701000000| Untracked 
|   2|0x0000000701200000, 0x0000000701200000, 0x0000000701400000|  0%| F|  |TAMS 0x0000000701200000, 0x0000000701200000| Untracked 
|   3|0x0000000701400000, 0x0000000701400000, 0x0000000701600000|  0%| F|  |TAMS 0x0000000701400000, 0x0000000701400000| Untracked 
|   4|0x0000000701600000, 0x0000000701600000, 0x0000000701800000|  0%| F|  |TAMS 0x0000000701600000, 0x0000000701600000| Untracked 
|   5|0x0000000701800000, 0x0000000701800000, 0x0000000701a00000|  0%| F|  |TAMS 0x0000000701800000, 0x0000000701800000| Untracked 
|   6|0x0000000701a00000, 0x0000000701a00000, 0x0000000701c00000|  0%| F|  |TAMS 0x0000000701a00000, 0x0000000701a00000| Untracked 
|   7|0x0000000701c00000, 0x0000000701c00000, 0x0000000701e00000|  0%| F|  |TAMS 0x0000000701c00000, 0x0000000701c00000| Untracked 
|   8|0x0000000701e00000, 0x0000000701e00000, 0x0000000702000000|  0%| F|  |TAMS 0x0000000701e00000, 0x0000000701e00000| Untracked 
|   9|0x0000000702000000, 0x0000000702000000, 0x0000000702200000|  0%| F|  |TAMS 0x0000000702000000, 0x0000000702000000| Untracked 
|  10|0x0000000702200000, 0x0000000702200000, 0x0000000702400000|  0%| F|  |TAMS 0x0000000702200000, 0x0000000702200000| Untracked 
|  11|0x0000000702400000, 0x0000000702400000, 0x0000000702600000|  0%| F|  |TAMS 0x0000000702400000, 0x0000000702400000| Untracked 
|  12|0x0000000702600000, 0x0000000702600000, 0x0000000702800000|  0%| F|  |TAMS 0x0000000702600000, 0x0000000702600000| Untracked 
|  13|0x0000000702800000, 0x0000000702800000, 0x0000000702a00000|  0%| F|  |TAMS 0x0000000702800000, 0x0000000702800000| Untracked 
|  14|0x0000000702a00000, 0x0000000702a00000, 0x0000000702c00000|  0%| F|  |TAMS 0x0000000702a00000, 0x0000000702a00000| Untracked 
|  15|0x0000000702c00000, 0x0000000702c00000, 0x0000000702e00000|  0%| F|  |TAMS 0x0000000702c00000, 0x0000000702c00000| Untracked 
|  16|0x0000000702e00000, 0x0000000702e00000, 0x0000000703000000|  0%| F|  |TAMS 0x0000000702e00000, 0x0000000702e00000| Untracked 
|  17|0x0000000703000000, 0x0000000703000000, 0x0000000703200000|  0%| F|  |TAMS 0x0000000703000000, 0x0000000703000000| Untracked 
|  18|0x0000000703200000, 0x0000000703200000, 0x0000000703400000|  0%| F|  |TAMS 0x0000000703200000, 0x0000000703200000| Untracked 
|  19|0x0000000703400000, 0x0000000703400000, 0x0000000703600000|  0%| F|  |TAMS 0x0000000703400000, 0x0000000703400000| Untracked 
|  20|0x0000000703600000, 0x0000000703600000, 0x0000000703800000|  0%| F|  |TAMS 0x0000000703600000, 0x0000000703600000| Untracked 
|  21|0x0000000703800000, 0x0000000703800000, 0x0000000703a00000|  0%| F|  |TAMS 0x0000000703800000, 0x0000000703800000| Untracked 
|  22|0x0000000703a00000, 0x0000000703a00000, 0x0000000703c00000|  0%| F|  |TAMS 0x0000000703a00000, 0x0000000703a00000| Untracked 
|  23|0x0000000703c00000, 0x0000000703c00000, 0x0000000703e00000|  0%| F|  |TAMS 0x0000000703c00000, 0x0000000703c00000| Untracked 
|  24|0x0000000703e00000, 0x0000000703e00000, 0x0000000704000000|  0%| F|  |TAMS 0x0000000703e00000, 0x0000000703e00000| Untracked 
|  25|0x0000000704000000, 0x0000000704000000, 0x0000000704200000|  0%| F|  |TAMS 0x0000000704000000, 0x0000000704000000| Untracked 
|  26|0x0000000704200000, 0x0000000704200000, 0x0000000704400000|  0%| F|  |TAMS 0x0000000704200000, 0x0000000704200000| Untracked 
|  27|0x0000000704400000, 0x0000000704400000, 0x0000000704600000|  0%| F|  |TAMS 0x0000000704400000, 0x0000000704400000| Untracked 
|  28|0x0000000704600000, 0x0000000704600000, 0x0000000704800000|  0%| F|  |TAMS 0x0000000704600000, 0x0000000704600000| Untracked 
|  29|0x0000000704800000, 0x0000000704800000, 0x0000000704a00000|  0%| F|  |TAMS 0x0000000704800000, 0x0000000704800000| Untracked 
|  30|0x0000000704a00000, 0x0000000704a00000, 0x0000000704c00000|  0%| F|  |TAMS 0x0000000704a00000, 0x0000000704a00000| Untracked 
|  31|0x0000000704c00000, 0x0000000704c00000, 0x0000000704e00000|  0%| F|  |TAMS 0x0000000704c00000, 0x0000000704c00000| Untracked 
|  32|0x0000000704e00000, 0x0000000704e00000, 0x0000000705000000|  0%| F|  |TAMS 0x0000000704e00000, 0x0000000704e00000| Untracked 
|  33|0x0000000705000000, 0x0000000705000000, 0x0000000705200000|  0%| F|  |TAMS 0x0000000705000000, 0x0000000705000000| Untracked 
|  34|0x0000000705200000, 0x0000000705200000, 0x0000000705400000|  0%| F|  |TAMS 0x0000000705200000, 0x0000000705200000| Untracked 
|  35|0x0000000705400000, 0x0000000705400000, 0x0000000705600000|  0%| F|  |TAMS 0x0000000705400000, 0x0000000705400000| Untracked 
|  36|0x0000000705600000, 0x0000000705600000, 0x0000000705800000|  0%| F|  |TAMS 0x0000000705600000, 0x0000000705600000| Untracked 
|  37|0x0000000705800000, 0x0000000705800000, 0x0000000705a00000|  0%| F|  |TAMS 0x0000000705800000, 0x0000000705800000| Untracked 
|  38|0x0000000705a00000, 0x0000000705a00000, 0x0000000705c00000|  0%| F|  |TAMS 0x0000000705a00000, 0x0000000705a00000| Untracked 
|  39|0x0000000705c00000, 0x0000000705c00000, 0x0000000705e00000|  0%| F|  |TAMS 0x0000000705c00000, 0x0000000705c00000| Untracked 
|  40|0x0000000705e00000, 0x0000000705e00000, 0x0000000706000000|  0%| F|  |TAMS 0x0000000705e00000, 0x0000000705e00000| Untracked 
|  41|0x0000000706000000, 0x0000000706000000, 0x0000000706200000|  0%| F|  |TAMS 0x0000000706000000, 0x0000000706000000| Untracked 
|  42|0x0000000706200000, 0x0000000706200000, 0x0000000706400000|  0%| F|  |TAMS 0x0000000706200000, 0x0000000706200000| Untracked 
|  43|0x0000000706400000, 0x0000000706400000, 0x0000000706600000|  0%| F|  |TAMS 0x0000000706400000, 0x0000000706400000| Untracked 
|  44|0x0000000706600000, 0x0000000706600000, 0x0000000706800000|  0%| F|  |TAMS 0x0000000706600000, 0x0000000706600000| Untracked 
|  45|0x0000000706800000, 0x0000000706800000, 0x0000000706a00000|  0%| F|  |TAMS 0x0000000706800000, 0x0000000706800000| Untracked 
|  46|0x0000000706a00000, 0x0000000706a00000, 0x0000000706c00000|  0%| F|  |TAMS 0x0000000706a00000, 0x0000000706a00000| Untracked 
|  47|0x0000000706c00000, 0x0000000706c00000, 0x0000000706e00000|  0%| F|  |TAMS 0x0000000706c00000, 0x0000000706c00000| Untracked 
|  48|0x0000000706e00000, 0x0000000706e00000, 0x0000000707000000|  0%| F|  |TAMS 0x0000000706e00000, 0x0000000706e00000| Untracked 
|  49|0x0000000707000000, 0x0000000707000000, 0x0000000707200000|  0%| F|  |TAMS 0x0000000707000000, 0x0000000707000000| Untracked 
|  50|0x0000000707200000, 0x0000000707200000, 0x0000000707400000|  0%| F|  |TAMS 0x0000000707200000, 0x0000000707200000| Untracked 
|  51|0x0000000707400000, 0x0000000707400000, 0x0000000707600000|  0%| F|  |TAMS 0x0000000707400000, 0x0000000707400000| Untracked 
|  52|0x0000000707600000, 0x0000000707600000, 0x0000000707800000|  0%| F|  |TAMS 0x0000000707600000, 0x0000000707600000| Untracked 
|  53|0x0000000707800000, 0x0000000707800000, 0x0000000707a00000|  0%| F|  |TAMS 0x0000000707800000, 0x0000000707800000| Untracked 
|  54|0x0000000707a00000, 0x0000000707a00000, 0x0000000707c00000|  0%| F|  |TAMS 0x0000000707a00000, 0x0000000707a00000| Untracked 
|  55|0x0000000707c00000, 0x0000000707c00000, 0x0000000707e00000|  0%| F|  |TAMS 0x0000000707c00000, 0x0000000707c00000| Untracked 
|  56|0x0000000707e00000, 0x0000000707e00000, 0x0000000708000000|  0%| F|  |TAMS 0x0000000707e00000, 0x0000000707e00000| Untracked 
|  57|0x0000000708000000, 0x0000000708000000, 0x0000000708200000|  0%| F|  |TAMS 0x0000000708000000, 0x0000000708000000| Untracked 
|  58|0x0000000708200000, 0x0000000708200000, 0x0000000708400000|  0%| F|  |TAMS 0x0000000708200000, 0x0000000708200000| Untracked 
|  59|0x0000000708400000, 0x0000000708400000, 0x0000000708600000|  0%| F|  |TAMS 0x0000000708400000, 0x0000000708400000| Untracked 
|  60|0x0000000708600000, 0x0000000708600000, 0x0000000708800000|  0%| F|  |TAMS 0x0000000708600000, 0x0000000708600000| Untracked 
|  61|0x0000000708800000, 0x0000000708800000, 0x0000000708a00000|  0%| F|  |TAMS 0x0000000708800000, 0x0000000708800000| Untracked 
|  62|0x0000000708a00000, 0x0000000708a00000, 0x0000000708c00000|  0%| F|  |TAMS 0x0000000708a00000, 0x0000000708a00000| Untracked 
|  63|0x0000000708c00000, 0x0000000708c00000, 0x0000000708e00000|  0%| F|  |TAMS 0x0000000708c00000, 0x0000000708c00000| Untracked 
|  64|0x0000000708e00000, 0x0000000708e00000, 0x0000000709000000|  0%| F|  |TAMS 0x0000000708e00000, 0x0000000708e00000| Untracked 
|  65|0x0000000709000000, 0x0000000709000000, 0x0000000709200000|  0%| F|  |TAMS 0x0000000709000000, 0x0000000709000000| Untracked 
|  66|0x0000000709200000, 0x0000000709200000, 0x0000000709400000|  0%| F|  |TAMS 0x0000000709200000, 0x0000000709200000| Untracked 
|  67|0x0000000709400000, 0x0000000709400000, 0x0000000709600000|  0%| F|  |TAMS 0x0000000709400000, 0x0000000709400000| Untracked 
|  68|0x0000000709600000, 0x0000000709600000, 0x0000000709800000|  0%| F|  |TAMS 0x0000000709600000, 0x0000000709600000| Untracked 
|  69|0x0000000709800000, 0x0000000709800000, 0x0000000709a00000|  0%| F|  |TAMS 0x0000000709800000, 0x0000000709800000| Untracked 
|  70|0x0000000709a00000, 0x0000000709a00000, 0x0000000709c00000|  0%| F|  |TAMS 0x0000000709a00000, 0x0000000709a00000| Untracked 
|  71|0x0000000709c00000, 0x0000000709c00000, 0x0000000709e00000|  0%| F|  |TAMS 0x0000000709c00000, 0x0000000709c00000| Untracked 
|  72|0x0000000709e00000, 0x0000000709e00000, 0x000000070a000000|  0%| F|  |TAMS 0x0000000709e00000, 0x0000000709e00000| Untracked 
|  73|0x000000070a000000, 0x000000070a000000, 0x000000070a200000|  0%| F|  |TAMS 0x000000070a000000, 0x000000070a000000| Untracked 
|  74|0x000000070a200000, 0x000000070a200000, 0x000000070a400000|  0%| F|  |TAMS 0x000000070a200000, 0x000000070a200000| Untracked 
|  75|0x000000070a400000, 0x000000070a400000, 0x000000070a600000|  0%| F|  |TAMS 0x000000070a400000, 0x000000070a400000| Untracked 
|  76|0x000000070a600000, 0x000000070a600000, 0x000000070a800000|  0%| F|  |TAMS 0x000000070a600000, 0x000000070a600000| Untracked 
|  77|0x000000070a800000, 0x000000070a800000, 0x000000070aa00000|  0%| F|  |TAMS 0x000000070a800000, 0x000000070a800000| Untracked 
|  78|0x000000070aa00000, 0x000000070aa00000, 0x000000070ac00000|  0%| F|  |TAMS 0x000000070aa00000, 0x000000070aa00000| Untracked 
|  79|0x000000070ac00000, 0x000000070ac00000, 0x000000070ae00000|  0%| F|  |TAMS 0x000000070ac00000, 0x000000070ac00000| Untracked 
|  80|0x000000070ae00000, 0x000000070ae00000, 0x000000070b000000|  0%| F|  |TAMS 0x000000070ae00000, 0x000000070ae00000| Untracked 
|  81|0x000000070b000000, 0x000000070b000000, 0x000000070b200000|  0%| F|  |TAMS 0x000000070b000000, 0x000000070b000000| Untracked 
|  82|0x000000070b200000, 0x000000070b200000, 0x000000070b400000|  0%| F|  |TAMS 0x000000070b200000, 0x000000070b200000| Untracked 
|  83|0x000000070b400000, 0x000000070b400000, 0x000000070b600000|  0%| F|  |TAMS 0x000000070b400000, 0x000000070b400000| Untracked 
|  84|0x000000070b600000, 0x000000070b600000, 0x000000070b800000|  0%| F|  |TAMS 0x000000070b600000, 0x000000070b600000| Untracked 
|  85|0x000000070b800000, 0x000000070b800000, 0x000000070ba00000|  0%| F|  |TAMS 0x000000070b800000, 0x000000070b800000| Untracked 
|  86|0x000000070ba00000, 0x000000070ba00000, 0x000000070bc00000|  0%| F|  |TAMS 0x000000070ba00000, 0x000000070ba00000| Untracked 
|  87|0x000000070bc00000, 0x000000070bc00000, 0x000000070be00000|  0%| F|  |TAMS 0x000000070bc00000, 0x000000070bc00000| Untracked 
|  88|0x000000070be00000, 0x000000070be00000, 0x000000070c000000|  0%| F|  |TAMS 0x000000070be00000, 0x000000070be00000| Untracked 
|  89|0x000000070c000000, 0x000000070c000000, 0x000000070c200000|  0%| F|  |TAMS 0x000000070c000000, 0x000000070c000000| Untracked 
|  90|0x000000070c200000, 0x000000070c200000, 0x000000070c400000|  0%| F|  |TAMS 0x000000070c200000, 0x000000070c200000| Untracked 
|  91|0x000000070c400000, 0x000000070c400000, 0x000000070c600000|  0%| F|  |TAMS 0x000000070c400000, 0x000000070c400000| Untracked 
|  92|0x000000070c600000, 0x000000070c600000, 0x000000070c800000|  0%| F|  |TAMS 0x000000070c600000, 0x000000070c600000| Untracked 
|  93|0x000000070c800000, 0x000000070c800000, 0x000000070ca00000|  0%| F|  |TAMS 0x000000070c800000, 0x000000070c800000| Untracked 
|  94|0x000000070ca00000, 0x000000070ca00000, 0x000000070cc00000|  0%| F|  |TAMS 0x000000070ca00000, 0x000000070ca00000| Untracked 
|  95|0x000000070cc00000, 0x000000070cc00000, 0x000000070ce00000|  0%| F|  |TAMS 0x000000070cc00000, 0x000000070cc00000| Untracked 
|  96|0x000000070ce00000, 0x000000070ce00000, 0x000000070d000000|  0%| F|  |TAMS 0x000000070ce00000, 0x000000070ce00000| Untracked 
|  97|0x000000070d000000, 0x000000070d000000, 0x000000070d200000|  0%| F|  |TAMS 0x000000070d000000, 0x000000070d000000| Untracked 
|  98|0x000000070d200000, 0x000000070d200000, 0x000000070d400000|  0%| F|  |TAMS 0x000000070d200000, 0x000000070d200000| Untracked 
|  99|0x000000070d400000, 0x000000070d400000, 0x000000070d600000|  0%| F|  |TAMS 0x000000070d400000, 0x000000070d400000| Untracked 
| 100|0x000000070d600000, 0x000000070d600000, 0x000000070d800000|  0%| F|  |TAMS 0x000000070d600000, 0x000000070d600000| Untracked 
| 101|0x000000070d800000, 0x000000070d800000, 0x000000070da00000|  0%| F|  |TAMS 0x000000070d800000, 0x000000070d800000| Untracked 
| 102|0x000000070da00000, 0x000000070da00000, 0x000000070dc00000|  0%| F|  |TAMS 0x000000070da00000, 0x000000070da00000| Untracked 
| 103|0x000000070dc00000, 0x000000070dc00000, 0x000000070de00000|  0%| F|  |TAMS 0x000000070dc00000, 0x000000070dc00000| Untracked 
| 104|0x000000070de00000, 0x000000070de00000, 0x000000070e000000|  0%| F|  |TAMS 0x000000070de00000, 0x000000070de00000| Untracked 
| 105|0x000000070e000000, 0x000000070e000000, 0x000000070e200000|  0%| F|  |TAMS 0x000000070e000000, 0x000000070e000000| Untracked 
| 106|0x000000070e200000, 0x000000070e200000, 0x000000070e400000|  0%| F|  |TAMS 0x000000070e200000, 0x000000070e200000| Untracked 
| 107|0x000000070e400000, 0x000000070e400000, 0x000000070e600000|  0%| F|  |TAMS 0x000000070e400000, 0x000000070e400000| Untracked 
| 108|0x000000070e600000, 0x000000070e600000, 0x000000070e800000|  0%| F|  |TAMS 0x000000070e600000, 0x000000070e600000| Untracked 
| 109|0x000000070e800000, 0x000000070e800000, 0x000000070ea00000|  0%| F|  |TAMS 0x000000070e800000, 0x000000070e800000| Untracked 
| 110|0x000000070ea00000, 0x000000070ea00000, 0x000000070ec00000|  0%| F|  |TAMS 0x000000070ea00000, 0x000000070ea00000| Untracked 
| 111|0x000000070ec00000, 0x000000070ec00000, 0x000000070ee00000|  0%| F|  |TAMS 0x000000070ec00000, 0x000000070ec00000| Untracked 
| 112|0x000000070ee00000, 0x000000070ee00000, 0x000000070f000000|  0%| F|  |TAMS 0x000000070ee00000, 0x000000070ee00000| Untracked 
| 113|0x000000070f000000, 0x000000070f000000, 0x000000070f200000|  0%| F|  |TAMS 0x000000070f000000, 0x000000070f000000| Untracked 
| 114|0x000000070f200000, 0x000000070f200000, 0x000000070f400000|  0%| F|  |TAMS 0x000000070f200000, 0x000000070f200000| Untracked 
| 115|0x000000070f400000, 0x000000070f400000, 0x000000070f600000|  0%| F|  |TAMS 0x000000070f400000, 0x000000070f400000| Untracked 
| 116|0x000000070f600000, 0x000000070f600000, 0x000000070f800000|  0%| F|  |TAMS 0x000000070f600000, 0x000000070f600000| Untracked 
| 117|0x000000070f800000, 0x000000070f800000, 0x000000070fa00000|  0%| F|  |TAMS 0x000000070f800000, 0x000000070f800000| Untracked 
| 118|0x000000070fa00000, 0x000000070fa00000, 0x000000070fc00000|  0%| F|  |TAMS 0x000000070fa00000, 0x000000070fa00000| Untracked 
| 119|0x000000070fc00000, 0x000000070fc00000, 0x000000070fe00000|  0%| F|  |TAMS 0x000000070fc00000, 0x000000070fc00000| Untracked 
| 120|0x000000070fe00000, 0x000000070fe00000, 0x0000000710000000|  0%| F|  |TAMS 0x000000070fe00000, 0x000000070fe00000| Untracked 
| 121|0x0000000710000000, 0x0000000710200000, 0x0000000710200000|100%| S|CS|TAMS 0x0000000710000000, 0x0000000710000000| Complete 
| 122|0x0000000710200000, 0x0000000710200000, 0x0000000710400000|  0%| F|  |TAMS 0x0000000710200000, 0x0000000710200000| Untracked 
| 123|0x0000000710400000, 0x0000000710400000, 0x0000000710600000|  0%| F|  |TAMS 0x0000000710400000, 0x0000000710400000| Untracked 
| 124|0x0000000710600000, 0x0000000710600000, 0x0000000710800000|  0%| F|  |TAMS 0x0000000710600000, 0x0000000710600000| Untracked 
| 125|0x0000000710800000, 0x0000000710800000, 0x0000000710a00000|  0%| F|  |TAMS 0x0000000710800000, 0x0000000710800000| Untracked 
| 126|0x0000000710a00000, 0x0000000710a00000, 0x0000000710c00000|  0%| F|  |TAMS 0x0000000710a00000, 0x0000000710a00000| Untracked 
| 127|0x0000000710c00000, 0x0000000710ddd650, 0x0000000710e00000| 93%| E|  |TAMS 0x0000000710c00000, 0x0000000710c00000| Complete 

Card table byte_map: [0x00000253fb2a0000,0x00000253fbaa0000] _byte_map_base: 0x00000253f7a99000

Marking Bits (Prev, Next): (CMBitMap*) 0x00000253e438a2c0, (CMBitMap*) 0x00000253e438a300
 Prev Bits: [0x0000025380000000, 0x0000025383fc8000)
 Next Bits: [0x0000025383fd0000, 0x0000025387f98000)

Polling page: 0x00000253e2180000

Metaspace:

Usage:
  Non-class:      4.47 MB used.
      Class:    598.77 KB used.
       Both:      5.06 MB used.

Virtual space:
  Non-class space:        8.00 MB reserved,       4.56 MB ( 57%) committed,  1 nodes.
      Class space:        1.00 GB reserved,     640.00 KB ( <1%) committed,  1 nodes.
              Both:        1.01 GB reserved,       5.19 MB ( <1%) committed. 

Chunk freelists:
   Non-Class:  3.38 MB
       Class:  3.17 MB
        Both:  6.55 MB

MaxMetaspaceSize: 17179869184.00 GB
CompressedClassSpaceSize: 1.00 GB
 - commit_granule_bytes: 65536.
 - commit_granule_words: 8192.
 - virtual_space_node_default_size: 1048576.
 - enlarge_chunks_in_place: 1.
 - new_chunks_are_fully_committed: 0.
 - uncommit_free_chunks: 1.
 - use_allocation_guard: 0.
 - handle_deallocations: 1.


Internal statistics:

num_allocs_failed_limit: 0.
num_arena_births: 92.
num_arena_deaths: 0.
num_vsnodes_births: 2.
num_vsnodes_deaths: 0.
num_space_committed: 83.
num_space_uncommitted: 0.
num_chunks_returned_to_freelist: 0.
num_chunks_taken_from_freelist: 135.
num_chunk_merges: 0.
num_chunk_splits: 91.
num_chunks_enlarged: 59.
num_purges: 0.

CodeHeap 'non-profiled nmethods': size=238912Kb used=1390Kb max_used=1390Kb free=237521Kb
 bounds [0x00000253ec150000, 0x00000253ec3c0000, 0x00000253faaa0000]
CodeHeap 'non-nmethods': size=6848Kb used=1177Kb max_used=1177Kb free=5671Kb
 bounds [0x00000253ebaa0000, 0x00000253ebd10000, 0x00000253ec150000]
 total_blobs=1473 nmethods=1001 adapters=400
 compilation: enabled
              stopped_count=0, restarted_count=0
 full_count=0

Compilation events (20 events):
Event: 0.489 Thread 0x00000253fe790b50 nmethod 990 0x00000253ec2a8790 code [0x00000253ec2a8940, 0x00000253ec2a8a28]
Event: 0.489 Thread 0x00000253fe790b50  991       1       java.util.zip.ZipCoder$UTF8ZipCoder::toString (12 bytes)
Event: 0.489 Thread 0x00000253fe790b50 nmethod 991 0x00000253ec2a8a90 code [0x00000253ec2a8c20, 0x00000253ec2a8d08]
Event: 0.489 Thread 0x00000253fe790b50  995       1       java.util.jar.Attributes::getValue (9 bytes)
Event: 0.489 Thread 0x00000253fe790b50 nmethod 995 0x00000253ec2a8d90 code [0x00000253ec2a8f40, 0x00000253ec2a9068]
Event: 0.489 Thread 0x00000253fe790b50  996       1       java.util.jar.Attributes::get (11 bytes)
Event: 0.489 Thread 0x00000253fe790b50 nmethod 996 0x00000253ec2a9110 code [0x00000253ec2a92c0, 0x00000253ec2a93a8]
Event: 0.489 Thread 0x00000253fe790b50  993       1       java.lang.StringCoding::newStringUTF8NoRepl (56 bytes)
Event: 0.489 Thread 0x00000253fe790b50 nmethod 993 0x00000253ec2a9410 code [0x00000253ec2a95e0, 0x00000253ec2a9918]
Event: 0.489 Thread 0x00000253fe790b50  994       1       jdk.internal.access.SharedSecrets::javaUtilJarAccess (15 bytes)
Event: 0.489 Thread 0x00000253fe790b50 nmethod 994 0x00000253ec2a9a90 code [0x00000253ec2a9c60, 0x00000253ec2a9e48]
Event: 0.489 Thread 0x00000253fe790b50  992       1       java.lang.System$2::newStringUTF8NoRepl (7 bytes)
Event: 0.489 Thread 0x00000253fe790b50 nmethod 992 0x00000253ec2a9f90 code [0x00000253ec2aa120, 0x00000253ec2aa208]
Event: 0.489 Thread 0x00000253fe790b50  997       1       java.lang.NamedPackage::module (5 bytes)
Event: 0.489 Thread 0x00000253fe790b50 nmethod 997 0x00000253ec2aa290 code [0x00000253ec2aa420, 0x00000253ec2aa4f8]
Event: 0.490 Thread 0x00000253fe790b50  998       1       java.util.ArrayDeque::add (7 bytes)
Event: 0.490 Thread 0x00000253fe790b50 nmethod 998 0x00000253ec2aa590 code [0x00000253ec2aa720, 0x00000253ec2aa808]
Event: 0.490 Thread 0x00000253fe790b50  999       1       java.lang.ClassLoader::getClassLoadingLock (35 bytes)
Event: 0.490 Thread 0x00000253fe790b50 nmethod 999 0x00000253ec2aad90 code [0x00000253ec2aaf40, 0x00000253ec2ab0c8]
Event: 0.490 Thread 0x00000253fe790b50 1000       1       java.lang.ClassLoader::findLoadedClass (16 bytes)

GC Heap History (2 events):
Event: 0.451 GC heap before
{Heap before GC invocations=0 (full 0):
 garbage-first heap   total 262144K, used 10240K [0x0000000700e00000, 0x0000000800000000)
  region size 2048K, 6 young (12288K), 0 survivors (0K)
 Metaspace       used 4941K, committed 5120K, reserved 1056768K
  class space    used 571K, committed 640K, reserved 1048576K
}
Event: 0.456 GC heap after
{Heap after GC invocations=1 (full 0):
 garbage-first heap   total 262144K, used 5437K [0x0000000700e00000, 0x0000000800000000)
  region size 2048K, 1 young (2048K), 1 survivors (2048K)
 Metaspace       used 4941K, committed 5120K, reserved 1056768K
  class space    used 571K, committed 640K, reserved 1048576K
}

Deoptimization events (0 events):
No events

Classes unloaded (0 events):
No events

Classes redefined (0 events):
No events

Internal exceptions (16 events):
Event: 0.223 Thread 0x00000253e4338040 Exception <a 'java/lang/NoSuchMethodError'{0x0000000710653790}: 'void java.lang.invoke.DirectMethodHandle$Holder.invokeSpecial(java.lang.Object, java.lang.Object, java.lang.Object)'> (0x0000000710653790) 
thrown [t:\workspace\open\src\hotspot\share\interpreter\linkResolver.cpp, line 790]
Event: 0.224 Thread 0x00000253ff50e960 Exception <a 'java/lang/NoSuchMethodError'{0x000000071065ef00}: 'java.lang.Object java.lang.invoke.DirectMethodHandle$Holder.invokeStatic(java.lang.Object)'> (0x000000071065ef00) 
thrown [t:\workspace\open\src\hotspot\share\interpreter\linkResolver.cpp, line 790]
Event: 0.224 Thread 0x00000253ff50e960 Exception <a 'java/lang/NoSuchMethodError'{0x0000000710662650}: 'java.lang.Object java.lang.invoke.DirectMethodHandle$Holder.invokeStaticInit(java.lang.Object)'> (0x0000000710662650) 
thrown [t:\workspace\open\src\hotspot\share\interpreter\linkResolver.cpp, line 790]
Event: 0.228 Thread 0x00000253ff50e960 Exception <a 'java/lang/NoSuchMethodError'{0x000000071066fb40}: 'void java.lang.invoke.DirectMethodHandle$Holder.invokeStatic(java.lang.Object, java.lang.Object)'> (0x000000071066fb40) 
thrown [t:\workspace\open\src\hotspot\share\interpreter\linkResolver.cpp, line 790]
Event: 0.247 Thread 0x00000253e4338040 Exception <a 'java/lang/NoSuchMethodError'{0x00000007106d7ff0}: 'java.lang.Object java.lang.invoke.DirectMethodHandle$Holder.invokeInterface(java.lang.Object, java.lang.Object)'> (0x00000007106d7ff0) 
thrown [t:\workspace\open\src\hotspot\share\interpreter\linkResolver.cpp, line 790]
Event: 0.248 Thread 0x00000253e4338040 Exception <a 'java/lang/NoSuchMethodError'{0x00000007106e0400}: 'java.lang.Object java.lang.invoke.DirectMethodHandle$Holder.invokeStaticInit(java.lang.Object, java.lang.Object, java.lang.Object)'> (0x00000007106e0400) 
thrown [t:\workspace\open\src\hotspot\share\interpreter\linkResolver.cpp, line 790]
Event: 0.251 Thread 0x00000253e4338040 Exception <a 'java/lang/NoSuchMethodError'{0x00000007106fd778}: 'int java.lang.invoke.DirectMethodHandle$Holder.invokeInterface(java.lang.Object, java.lang.Object)'> (0x00000007106fd778) 
thrown [t:\workspace\open\src\hotspot\share\interpreter\linkResolver.cpp, line 790]
Event: 0.251 Thread 0x00000253e4338040 Exception <a 'java/lang/IncompatibleClassChangeError'{0x0000000710700f70}: Found class java.lang.Object, but interface was expected> (0x0000000710700f70) 
thrown [t:\workspace\open\src\hotspot\share\interpreter\linkResolver.cpp, line 857]
Event: 0.285 Thread 0x00000253e4338040 Exception <a 'java/lang/NoSuchMethodError'{0x00000007107ce730}: 'int java.lang.invoke.DirectMethodHandle$Holder.invokeSpecial(java.lang.Object, java.lang.Object, java.lang.Object)'> (0x00000007107ce730) 
thrown [t:\workspace\open\src\hotspot\share\interpreter\linkResolver.cpp, line 790]
Event: 0.313 Thread 0x00000253e4338040 Exception <a 'java/lang/NoSuchMethodError'{0x0000000710495280}: 'void java.lang.invoke.DirectMethodHandle$Holder.invokeStatic(java.lang.Object, java.lang.Object, java.lang.Object)'> (0x0000000710495280) 
thrown [t:\workspace\open\src\hotspot\share\interpreter\linkResolver.cpp, line 790]
Event: 0.324 Thread 0x00000253e4338040 Exception <a 'java/lang/NoSuchMethodError'{0x00000007104da0b0}: 'int java.lang.invoke.DirectMethodHandle$Holder.invokeSpecialIFC(java.lang.Object, java.lang.Object, java.lang.Object)'> (0x00000007104da0b0) 
thrown [t:\workspace\open\src\hotspot\share\interpreter\linkResolver.cpp, line 790]
Event: 0.365 Thread 0x00000253e4338040 Exception <a 'java/lang/NoSuchMethodError'{0x00000007105513e0}: 'java.lang.Object java.lang.invoke.DirectMethodHandle$Holder.invokeStaticInit(java.lang.Object, int, int, int, int)'> (0x00000007105513e0) 
thrown [t:\workspace\open\src\hotspot\share\interpreter\linkResolver.cpp, line 790]
Event: 0.392 Thread 0x00000253e4338040 Exception <a 'java/lang/NoSuchMethodError'{0x00000007105bcda0}: 'java.lang.Object java.lang.invoke.DirectMethodHandle$Holder.invokeStaticInit(java.lang.Object, java.lang.Object, int, int, int, int)'> (0x00000007105bcda0) 
thrown [t:\workspace\open\src\hotspot\share\interpreter\linkResolver.cpp, line 790]
Event: 0.400 Thread 0x00000253e4338040 Exception <a 'java/lang/ClassNotFoundException'{0x00000007105db5e8}: javax/management/remote/rmi/RMIServerImpl_Skel> (0x00000007105db5e8) 
thrown [t:\workspace\open\src\hotspot\share\classfile\systemDictionary.cpp, line 256]
Event: 0.434 Thread 0x00000253e4338040 Exception <a 'java/lang/ClassNotFoundException'{0x0000000710373a58}: javax/smartcardio/CardPermission> (0x0000000710373a58) 
thrown [t:\workspace\open\src\hotspot\share\classfile\systemDictionary.cpp, line 256]
Event: 0.436 Thread 0x00000253e4338040 Exception <a 'java/io/FileNotFoundException'{0x0000000710381da8}> (0x0000000710381da8) 
thrown [t:\workspace\open\src\hotspot\share\prims\jni.cpp, line 579]

Events (20 events):
Event: 0.451 Executing  VM operation: G1CollectForAllocation
Event: 0.456 Executing  VM operation: G1CollectForAllocation done
Event: 0.458 loading class sun/util/calendar/ZoneInfoFile$Checksum
Event: 0.458 loading class java/util/zip/CRC32
Event: 0.459 loading class java/util/zip/Checksum
Event: 0.459 loading class java/util/zip/Checksum done
Event: 0.459 loading class java/util/zip/CRC32 done
Event: 0.459 loading class sun/util/calendar/ZoneInfoFile$Checksum done
Event: 0.459 loading class java/util/zip/Checksum$1
Event: 0.459 loading class java/util/zip/Checksum$1 done
Event: 0.460 loading class jdk/internal/module/ModulePatcher$PatchedModuleReader
Event: 0.460 loading class jdk/internal/module/ModulePatcher$PatchedModuleReader done
Event: 0.478 loading class sun/util/resources/LocaleData$CommonResourceBundleProvider
Event: 0.478 loading class sun/util/resources/LocaleData$LocaleDataResourceBundleProvider
Event: 0.478 loading class java/util/spi/ResourceBundleProvider
Event: 0.478 loading class java/util/spi/ResourceBundleProvider done
Event: 0.478 loading class sun/util/resources/LocaleData$LocaleDataResourceBundleProvider done
Event: 0.478 loading class sun/util/resources/LocaleData$CommonResourceBundleProvider done
Event: 0.478 loading class sun/util/resources/Bundles$2
Event: 0.478 loading class sun/util/resources/Bundles$2 done


Dynamic libraries:
0x00007ff7ec410000 - 0x00007ff7ec41e000 	C:\Users\Enigm\.jdks\openjdk-16.0.1\bin\java.exe
0x00007ffda1610000 - 0x00007ffda1806000 	C:\Windows\SYSTEM32\ntdll.dll
0x00007ffda0cd0000 - 0x00007ffda0d8d000 	C:\Windows\System32\KERNEL32.DLL
0x00007ffd9f1c0000 - 0x00007ffd9f488000 	C:\Windows\System32\KERNELBASE.dll
0x00007ffd9f4c0000 - 0x00007ffd9f5c0000 	C:\Windows\System32\ucrtbase.dll
0x00007ffd9aa30000 - 0x00007ffd9aa48000 	C:\Users\Enigm\.jdks\openjdk-16.0.1\bin\jli.dll
0x00007ffd9fe80000 - 0x00007ffda0020000 	C:\Windows\System32\USER32.dll
0x00007ffd9f490000 - 0x00007ffd9f4b2000 	C:\Windows\System32\win32u.dll
0x00007ffda15a0000 - 0x00007ffda15ca000 	C:\Windows\System32\GDI32.dll
0x00007ffd9aa10000 - 0x00007ffd9aa29000 	C:\Users\Enigm\.jdks\openjdk-16.0.1\bin\VCRUNTIME140.dll
0x00007ffd9ed50000 - 0x00007ffd9ee59000 	C:\Windows\System32\gdi32full.dll
0x00007ffd9ee60000 - 0x00007ffd9eefd000 	C:\Windows\System32\msvcp_win.dll
0x00007ffd8b9f0000 - 0x00007ffd8bc8b000 	C:\Windows\WinSxS\amd64_microsoft.windows.common-controls_6595b64144ccf1df_6.0.19041.488_none_ca04af081b815d21\COMCTL32.dll
0x00007ffda1000000 - 0x00007ffda109e000 	C:\Windows\System32\msvcrt.dll
0x00007ffda0020000 - 0x00007ffda0050000 	C:\Windows\System32\IMM32.DLL
0x00007ffd9aa00000 - 0x00007ffd9aa0c000 	C:\Users\Enigm\.jdks\openjdk-16.0.1\bin\vcruntime140_1.dll
0x00007ffd85fd0000 - 0x00007ffd86061000 	C:\Users\Enigm\.jdks\openjdk-16.0.1\bin\msvcp140.dll
0x00007ffd43390000 - 0x00007ffd43f3b000 	C:\Users\Enigm\.jdks\openjdk-16.0.1\bin\server\jvm.dll
0x00007ffda11e0000 - 0x00007ffda128c000 	C:\Windows\System32\ADVAPI32.dll
0x00007ffda0b00000 - 0x00007ffda0b9b000 	C:\Windows\System32\sechost.dll
0x00007ffda10a0000 - 0x00007ffda11c4000 	C:\Windows\System32\RPCRT4.dll
0x00007ffda0d90000 - 0x00007ffda0d98000 	C:\Windows\System32\PSAPI.DLL
0x00007ffd95320000 - 0x00007ffd95329000 	C:\Windows\SYSTEM32\WSOCK32.dll
0x00007ffda0e10000 - 0x00007ffda0e7b000 	C:\Windows\System32\WS2_32.dll
0x00007ffd94ec0000 - 0x00007ffd94ee7000 	C:\Windows\SYSTEM32\WINMM.dll
0x00007ffd99b30000 - 0x00007ffd99b3a000 	C:\Windows\SYSTEM32\VERSION.dll
0x00007ffd9ccc0000 - 0x00007ffd9ccd2000 	C:\Windows\SYSTEM32\kernel.appcore.dll
0x00007ffd9a9f0000 - 0x00007ffd9a9fa000 	C:\Users\Enigm\.jdks\openjdk-16.0.1\bin\jimage.dll
0x00007ffd99040000 - 0x00007ffd99224000 	C:\Windows\SYSTEM32\DBGHELP.DLL
0x00007ffd95430000 - 0x00007ffd9545c000 	C:\Windows\SYSTEM32\dbgcore.DLL
0x00007ffd9f140000 - 0x00007ffd9f1bf000 	C:\Windows\System32\bcryptPrimitives.dll
0x00007ffd955e0000 - 0x00007ffd955ee000 	C:\Users\Enigm\.jdks\openjdk-16.0.1\bin\instrument.dll
0x00007ffd955f0000 - 0x00007ffd95615000 	C:\Users\Enigm\.jdks\openjdk-16.0.1\bin\java.dll
0x00007ffda03b0000 - 0x00007ffda0af1000 	C:\Windows\System32\SHELL32.dll
0x00007ffd9cec0000 - 0x00007ffd9d655000 	C:\Windows\SYSTEM32\windows.storage.dll
0x00007ffda0050000 - 0x00007ffda03a5000 	C:\Windows\System32\combase.dll
0x00007ffd9e7c0000 - 0x00007ffd9e7ec000 	C:\Windows\SYSTEM32\Wldp.dll
0x00007ffda1410000 - 0x00007ffda14be000 	C:\Windows\System32\SHCORE.dll
0x00007ffda1540000 - 0x00007ffda1595000 	C:\Windows\System32\shlwapi.dll
0x00007ffd9ec80000 - 0x00007ffd9eca6000 	C:\Windows\SYSTEM32\profapi.dll
0x00007ffd8e130000 - 0x00007ffd8e148000 	C:\Users\Enigm\.jdks\openjdk-16.0.1\bin\zip.dll
0x00007ffd95770000 - 0x00007ffd95789000 	C:\Users\Enigm\.jdks\openjdk-16.0.1\bin\net.dll
0x00007ffd95f60000 - 0x00007ffd96060000 	C:\Windows\SYSTEM32\WINHTTP.dll
0x00007ffd9e540000 - 0x00007ffd9e5aa000 	C:\Windows\system32\mswsock.dll
0x00007ffd8e150000 - 0x00007ffd8e163000 	C:\Users\Enigm\.jdks\openjdk-16.0.1\bin\nio.dll
0x00007ffd85fb0000 - 0x00007ffd85fca000 	C:\Program Files\JetBrains\IntelliJ IDEA 2020.3.2\bin\breakgen64.dll
0x00007ffd9e230000 - 0x00007ffd9e2fb000 	C:\Windows\SYSTEM32\DNSAPI.dll
0x00007ffd9e1e0000 - 0x00007ffd9e21b000 	C:\Windows\SYSTEM32\IPHLPAPI.DLL
0x00007ffda0e00000 - 0x00007ffda0e08000 	C:\Windows\System32\NSI.dll
0x00007ffd94b00000 - 0x00007ffd94b0a000 	C:\Windows\System32\rasadhlp.dll
0x00007ffd95ee0000 - 0x00007ffd95f5f000 	C:\Windows\System32\fwpuclnt.dll
0x00007ffd9f060000 - 0x00007ffd9f087000 	C:\Windows\System32\bcrypt.dll
0x00007ffd8e900000 - 0x00007ffd8e909000 	C:\Users\Enigm\.jdks\openjdk-16.0.1\bin\management.dll
0x00007ffd85fa0000 - 0x00007ffd85fab000 	C:\Users\Enigm\.jdks\openjdk-16.0.1\bin\management_ext.dll
0x00007ffd9e710000 - 0x00007ffd9e728000 	C:\Windows\SYSTEM32\CRYPTSP.dll
0x00007ffd9de60000 - 0x00007ffd9de94000 	C:\Windows\system32\rsaenh.dll
0x00007ffd9ec40000 - 0x00007ffd9ec6e000 	C:\Windows\SYSTEM32\USERENV.dll
0x00007ffd9e730000 - 0x00007ffd9e73c000 	C:\Windows\SYSTEM32\CRYPTBASE.dll
0x00007ffd98cc0000 - 0x00007ffd98cd7000 	C:\Windows\SYSTEM32\dhcpcsvc6.DLL
0x00007ffd98e60000 - 0x00007ffd98e7d000 	C:\Windows\SYSTEM32\dhcpcsvc.DLL
0x00007ffd894f0000 - 0x00007ffd89507000 	C:\Windows\system32\napinsp.dll
0x00007ffd894d0000 - 0x00007ffd894eb000 	C:\Windows\system32\pnrpnsp.dll
0x00007ffd8be40000 - 0x00007ffd8be55000 	C:\Windows\system32\wshbth.dll
0x00007ffd9a830000 - 0x00007ffd9a84d000 	C:\Windows\system32\NLAapi.dll
0x00007ffd897e0000 - 0x00007ffd897f2000 	C:\Windows\System32\winrnr.dll

dbghelp: loaded successfully - version: 4.0.5 - missing functions: none
symbol engine: initialized successfully - sym options: 0x614 - pdb path: .;C:\Users\Enigm\.jdks\openjdk-16.0.1\bin;C:\Windows\SYSTEM32;C:\Windows\WinSxS\amd64_microsoft.windows.common-controls_6595b64144ccf1df_6.0.19041.488_none_ca04af081b815d21;C:\Users\Enigm\.jdks\openjdk-16.0.1\bin\server;C:\Program Files\JetBrains\IntelliJ IDEA 2020.3.2\bin

VM Arguments:
jvm_args: -XX:TieredStopAtLevel=1 -Xverify:none -Dspring.output.ansi.enabled=always -javaagent:C:\Program Files\JetBrains\IntelliJ IDEA 2020.3.2\lib\idea_rt.jar=65007:C:\Program Files\JetBrains\IntelliJ IDEA 2020.3.2\bin -Dcom.sun.management.jmxremote -Dspring.jmx.enabled=true -Dspring.liveBeansView.mbeanDomain -Dspring.application.admin.enabled=true -Dfile.encoding=UTF-8 
java_command: com.store.shop.ShopApplication
java_class_path (initial): C:\Users\Enigm\IdeaProjects\shop\target\classes;C:\Users\Enigm\.m2\repository\org\springframework\boot\spring-boot-starter-data-jpa\2.4.6-SNAPSHOT\spring-boot-starter-data-jpa-2.4.6-20210504.104451-40.jar;C:\Users\Enigm\.m2\repository\org\springframework\boot\spring-boot-starter-aop\2.4.6-SNAPSHOT\spring-boot-starter-aop-2.4.6-20210504.104451-40.jar;C:\Users\Enigm\.m2\repository\org\springframework\spring-aop\5.3.6\spring-aop-5.3.6.jar;C:\Users\Enigm\.m2\repository\org\aspectj\aspectjweaver\1.9.6\aspectjweaver-1.9.6.jar;C:\Users\Enigm\.m2\repository\org\springframework\boot\spring-boot-starter-jdbc\2.4.6-SNAPSHOT\spring-boot-starter-jdbc-2.4.6-20210504.104451-40.jar;C:\Users\Enigm\.m2\repository\com\zaxxer\HikariCP\3.4.5\HikariCP-3.4.5.jar;C:\Users\Enigm\.m2\repository\org\springframework\spring-jdbc\5.3.6\spring-jdbc-5.3.6.jar;C:\Users\Enigm\.m2\repository\jakarta\transaction\jakarta.transaction-api\1.3.3\jakarta.transaction-api-1.3.3.jar;C:\Users\Enigm\.m2\repository\jakarta\persistence\jakarta.persistence-api\2.2.3\jakarta.persistence-api-2.2.3.jar;C:\Users\Enigm\.m2\repository\org\hibernate\hibernate-core\5.4.30.Final\hibernate-core-5.4.30.Final.jar;C:\Users\Enigm\.m2\repository\org\jboss\logging\jboss-logging\3.4.1.Final\jboss-logging-3.4.1.Final.jar;C:\Users\Enigm\.m2\repository\org\javassist\javassist\3.27.0-GA\javassist-3.27.0-GA.jar;C:\Users\Enigm\.m2\repository\net\bytebuddy\byte-buddy\1.10.22\byte-buddy-1.10.22.jar;C:\Users\Enigm\.m2\repository\antlr\antlr\2.7.7\antlr-2.7.7.jar;C:\Users\Enigm\.m2\repository\org\jboss\jandex\2.2.3.Final\jandex-2.2.3.Final.jar;C:\Users\Enigm\.m2\repository\com\fasterxml\classmate\1.5.1\classmate-1.5.1.jar;C:\Users\Enigm\.m2\repository\org\dom4j\dom4j\2.1.3\dom4j-2.1.3.jar;C:\Users\Enigm\.m2\repository\org\hibernate\common\hibernate-commons-annotations\5.1.2.Final\hibernate-commons-annotations-5.1.2.Final.jar;C:\Users\Enigm\.m2\repository\org\glassfish\jaxb\jaxb-runtime\2.3.4\jaxb-runtime-2.3.4.j
Launcher Type: SUN_STANDARD

[Global flags]
     intx CICompilerCount                          = 3                                         {product} {ergonomic}
     uint ConcGCThreads                            = 1                                         {product} {ergonomic}
     uint G1ConcRefinementThreads                  = 4                                         {product} {ergonomic}
   size_t G1HeapRegionSize                         = 2097152                                   {product} {ergonomic}
    uintx GCDrainStackTargetSize                   = 64                                        {product} {ergonomic}
   size_t InitialHeapSize                          = 268435456                                 {product} {ergonomic}
     bool ManagementServer                         = true                                      {product} {command line}
   size_t MarkStackSize                            = 4194304                                   {product} {ergonomic}
   size_t MaxHeapSize                              = 4280287232                                {product} {ergonomic}
   size_t MaxNewSize                               = 2566914048                                {product} {ergonomic}
   size_t MinHeapDeltaBytes                        = 2097152                                   {product} {ergonomic}
   size_t MinHeapSize                              = 8388608                                   {product} {ergonomic}
    uintx NonNMethodCodeHeapSize                   = 6973028                                {pd product} {ergonomic}
    uintx NonProfiledCodeHeapSize                  = 244685212                              {pd product} {ergonomic}
    uintx ProfiledCodeHeapSize                     = 0                                      {pd product} {ergonomic}
    uintx ReservedCodeCacheSize                    = 251658240                              {pd product} {ergonomic}
     bool SegmentedCodeCache                       = true                                      {product} {ergonomic}
   size_t SoftMaxHeapSize                          = 4280287232                             {manageable} {ergonomic}
     intx TieredStopAtLevel                        = 1                                         {product} {command line}
     bool UseCompressedClassPointers               = true                           {product lp64_product} {ergonomic}
     bool UseCompressedOops                        = true                           {product lp64_product} {ergonomic}
     bool UseG1GC                                  = true                                      {product} {ergonomic}
     bool UseLargePagesIndividualAllocation        = false                                  {pd product} {ergonomic}

Logging:
Log output configuration:
 #0: stdout all=warning uptime,level,tags
 #1: stderr all=off uptime,level,tags

Environment Variables:
PATH=C:\Program Files (x86)\Common Files\Oracle\Java\javapath;C:\Program Files (x86)\Razer Chroma SDK\bin;C:\Program Files\Razer Chroma SDK\bin;C:\Program Files (x86)\Razer\ChromaBroadcast\bin;C:\Program Files\Razer\ChromaBroadcast\bin;C:\Windows\system32;C:\Windows;C:\Windows\System32\Wbem;C:\Windows\System32\WindowsPowerShell\v1.0\;C:\Windows\System32\OpenSSH\;C:\Program Files\dotnet\;C:\Program Files\Microsoft SQL Server\130\Tools\Binn\;C:\Program Files\Microsoft SQL Server\Client SDK\ODBC\170\Tools\Binn\;C:\Windows\system32\config\systemprofile\AppData\Local\Microsoft\WindowsApps;C:\Users\Enigm\IdeaProjects\apache-maven-3.6.3\bin;C:\Program Files\Git\cmd;C:\Users\Enigm\AppData\Local\Programs\Python\Python39\Scripts\;C:\Users\Enigm\AppData\Local\Programs\Python\Python39\;C:\Program Files\MySQL\MySQL Shell 8.0\bin\;C:\Users\Enigm\AppData\Local\Microsoft\WindowsApps;;D:\Microsoft VS Code\bin;C:\Users\Enigm\.dotnet\tools;C:\Program Files\JetBrains\PyCharm 2020.3.3\bin;;C:\Program Files\JetBrains\IntelliJ IDEA 2020.3.2\bin;;C:\Program Files\heroku\bin
USERNAME=Enigm
OS=Windows_NT
PROCESSOR_IDENTIFIER=Intel64 Family 6 Model 158 Stepping 9, GenuineIntel



---------------  S Y S T E M  ---------------

OS:
 Windows 10 , 64 bit Build 19041 (10.0.19041.546)
OS uptime: 0 days 4:44 hours

CPU: total 4 (initial active 4) (4 cores per cpu, 1 threads per core) family 6 model 158 stepping 9 microcode 0xde, cx8, cmov, fxsr, mmx, 3dnowpref, sse, sse2, sse3, ssse3, sse4.1, sse4.2, popcnt, lzcnt, tsc, tscinvbit, avx, avx2, aes, erms, clmul, bmi1, bmi2, rtm, adx, fma, vzeroupper, clflush, clflushopt

Memory: 4k page, system-wide physical 16322M (5660M free)
TotalPageFile size 16322M (AvailPageFile size 348M)
current process WorkingSet (physical memory assigned to process): 61M, peak: 61M
current process commit charge ("private bytes"): 342M, peak: 342M

vm_info: OpenJDK 64-Bit Server VM (16.0.1+9-24) for windows-amd64 JRE (16.0.1+9-24), built on Mar 26 2021 19:30:07 by "mach5one" with MS VC++ 16.7 (VS2019)

END.
